Using pre-set license
Built from '2020.2/release' branch; Version is '2020.2.2f1 (068178b99f32) revision 426360'; Using compiler version '192528614'; Build Type 'Release'
OS: 'Windows 10 Home; OS build 19041.1052; Version 2004; 64bit' Language: 'en' Physical Memory: 7957 MB
BatchMode: 1, IsHumanControllingUs: 0, StartBugReporterOnCrash: 0, Is64bit: 1, IsPro: 0

 COMMAND LINE ARGUMENTS:
C:\Program Files\Unity\Editor\Unity.exe
-adb2
-batchMode
-noUpm
-name
AssetImportWorker0
-projectPath
C:/Users/matthew/Pathfinding
-logFile
Logs/AssetImportWorker0.log
-srvPort
58615
Successfully changed project path to: C:/Users/matthew/Pathfinding
C:/Users/matthew/Pathfinding
Using Asset Import Pipeline V2.
Refreshing native plugins compatible for Editor in 34.51 ms, found 0 plugins.
Preloading 0 native plugins for Editor in 0.00 ms.
Initialize engine version: 2020.2.2f1 (068178b99f32)
[Subsystems] Discovering subsystems at path C:/Program Files/Unity/Editor/Data/Resources/UnitySubsystems
[Subsystems] Discovering subsystems at path C:/Users/matthew/Pathfinding/Assets
GfxDevice: creating device client; threaded=0
Direct3D:
    Version:  Direct3D 11.0 [level 11.1]
    Renderer: Intel(R) Iris(R) Xe Graphics (ID=0x9a49)
    Vendor:   
    VRAM:     3978 MB
    Driver:   27.20.100.8935
Initialize mono
Mono path[0] = 'C:/Program Files/Unity/Editor/Data/Managed'
Mono path[1] = 'C:/Program Files/Unity/Editor/Data/MonoBleedingEdge/lib/mono/unityjit'
Mono config path = 'C:/Program Files/Unity/Editor/Data/MonoBleedingEdge/etc'
Using monoOptions --debugger-agent=transport=dt_socket,embedding=1,server=y,suspend=n,address=127.0.0.1:56804
Begin MonoManager ReloadAssembly
Registering precompiled unity dll's ...
Register platform support module: C:/Program Files/Unity/Editor/Data/PlaybackEngines/WindowsStandaloneSupport/UnityEditor.WindowsStandalone.Extensions.dll
Registered in 0.004311 seconds.
Native extension for WindowsStandalone target not found
Refreshing native plugins compatible for Editor in 27.96 ms, found 0 plugins.
Preloading 0 native plugins for Editor in 0.00 ms.
Invoked RoslynAnalysisRunner static constructor.
RoslynAnalysisRunner will not be running.
RoslynAnalysisRunner has terminated.
Mono: successfully reloaded assembly
- Completed reload, in  2.316 seconds
Platform modules already initialized, skipping
Registering precompiled user dll's ...
Registered in 0.001836 seconds.
Begin MonoManager ReloadAssembly
Native extension for WindowsStandalone target not found
Refreshing native plugins compatible for Editor in 0.21 ms, found 0 plugins.
Preloading 0 native plugins for Editor in 0.00 ms.
Invoked RoslynAnalysisRunner static constructor.
RoslynAnalysisRunner will not be running.
RoslynAnalysisRunner has terminated.
Mono: successfully reloaded assembly
- Completed reload, in  0.930 seconds
Platform modules already initialized, skipping
========================================================================
Worker process is ready to serve import requests
Launched and connected shader compiler UnityShaderCompiler.exe after 0.19 seconds
Refreshing native plugins compatible for Editor in 0.26 ms, found 0 plugins.
Preloading 0 native plugins for Editor in 0.00 ms.
Unloading 1486 Unused Serialized files (Serialized files now loaded: 0)
System memory in use before: 73.0 MB.
System memory in use after: 73.0 MB.

Unloading 75 unused Assets to reduce memory usage. Loaded Objects now: 1921.
Total: 8.199600 ms (FindLiveObjects: 0.197900 ms CreateObjectMapping: 0.094700 ms MarkObjects: 6.784400 ms  DeleteObjects: 1.120300 ms)

========================================================================
Received Import Request.
  path: Assets/PathfindingBasics/Materials/New Material 2.mat
  artifactKey: Guid(a084a287f8a30b343b5c8da6a260b54f) Importer(815301076,1909f56bfc062723c751e8b465ee728b)
Start importing Assets/PathfindingBasics/Materials/New Material 2.mat using Guid(a084a287f8a30b343b5c8da6a260b54f) Importer(815301076,1909f56bfc062723c751e8b465ee728b)  -> (artifact id: '1bb9ad2c0fb560762f35b8dcdcc030f2') in 0.126452 seconds
  Import took 0.131578 seconds .

========================================================================
Received Import Request.
  Time since last request: 241.389610 seconds.
  path: Assets/PathfindingBasics/Scripts/AgentSmith.cs
  artifactKey: Guid(4e86e9dd59daa1f4e8c3345e7b26cfeb) Importer(815301076,1909f56bfc062723c751e8b465ee728b)
Start importing Assets/PathfindingBasics/Scripts/AgentSmith.cs using Guid(4e86e9dd59daa1f4e8c3345e7b26cfeb) Importer(815301076,1909f56bfc062723c751e8b465ee728b)  -> (artifact id: '59c6dddc1e138fe3f1df2284fe27511d') in 0.019289 seconds
  Import took 0.024580 seconds .

========================================================================
Received Import Request.
  Time since last request: 0.000388 seconds.
  path: Assets/PathfindingBasics/Scripts/AgentSmith.cs
  artifactKey: Guid(4e86e9dd59daa1f4e8c3345e7b26cfeb) Importer(815301076,1909f56bfc062723c751e8b465ee728b)
Start importing Assets/PathfindingBasics/Scripts/AgentSmith.cs using Guid(4e86e9dd59daa1f4e8c3345e7b26cfeb) Importer(815301076,1909f56bfc062723c751e8b465ee728b)  -> (artifact id: '59c6dddc1e138fe3f1df2284fe27511d') in 0.004071 seconds
  Import took 0.007019 seconds .

========================================================================
Received Prepare
Registering precompiled user dll's ...
Registered in 0.000681 seconds.
Begin MonoManager ReloadAssembly
Native extension for WindowsStandalone target not found
Refreshing native plugins compatible for Editor in 0.40 ms, found 0 plugins.
Preloading 0 native plugins for Editor in 0.00 ms.
Warning: Annotation not found!
UnityEngine.StackTraceUtility:ExtractStackTrace ()
UnityEditor.ProBuilder.EditorUtility:SetGizmoIconEnabled (System.Type,bool) (at Library/PackageCache/com.unity.probuilder@4.4.0/Editor/EditorCore/EditorUtility.cs:593)
UnityEditor.ProBuilder.HierarchyListener:.cctor () (at Library/PackageCache/com.unity.probuilder@4.4.0/Editor/EditorCore/HierarchyListener.cs:21)
System.Runtime.CompilerServices.RuntimeHelpers:RunClassConstructor (System.RuntimeTypeHandle)
UnityEditor.EditorAssemblies:ProcessInitializeOnLoadAttributes (System.Type[])

[Library/PackageCache/com.unity.probuilder@4.4.0/Editor/EditorCore/EditorUtility.cs line 593]

Invoked RoslynAnalysisRunner static constructor.
RoslynAnalysisRunner will not be running.
RoslynAnalysisRunner has terminated.
Mono: successfully reloaded assembly
- Completed reload, in  0.890 seconds
Platform modules already initialized, skipping
Refreshing native plugins compatible for Editor in 0.26 ms, found 0 plugins.
Preloading 0 native plugins for Editor in 0.00 ms.
Unloading 1450 Unused Serialized files (Serialized files now loaded: 0)
System memory in use before: 74.2 MB.
System memory in use after: 74.2 MB.

Unloading 6 unused Assets to reduce memory usage. Loaded Objects now: 1963.
Total: 1.965200 ms (FindLiveObjects: 0.161800 ms CreateObjectMapping: 0.045400 ms MarkObjects: 1.663100 ms  DeleteObjects: 0.093900 ms)

========================================================================
Received Import Request.
  Time since last request: 65.022352 seconds.
  path: Assets/PathfindingBasics/Scripts/AgentSmith.cs
  artifactKey: Guid(4e86e9dd59daa1f4e8c3345e7b26cfeb) Importer(815301076,1909f56bfc062723c751e8b465ee728b)
Start importing Assets/PathfindingBasics/Scripts/AgentSmith.cs using Guid(4e86e9dd59daa1f4e8c3345e7b26cfeb) Importer(815301076,1909f56bfc062723c751e8b465ee728b)  -> (artifact id: '36eadc027666f669447946f6f47ea12e') in 0.007848 seconds
  Import took 0.010450 seconds .

========================================================================
Received Import Request.
  Time since last request: 14.046665 seconds.
  path: Assets/PathfindingBasics/Scripts/Waypoint1.cs
  artifactKey: Guid(4053a3e1d3c6ecd4fbcce3c19cbd7961) Importer(815301076,1909f56bfc062723c751e8b465ee728b)
Start importing Assets/PathfindingBasics/Scripts/Waypoint1.cs using Guid(4053a3e1d3c6ecd4fbcce3c19cbd7961) Importer(815301076,1909f56bfc062723c751e8b465ee728b)  -> (artifact id: 'f84c5b134a2b599421751ab801ae4159') in 0.009224 seconds
  Import took 0.012951 seconds .

========================================================================
Received Prepare
Registering precompiled user dll's ...
Registered in 0.000772 seconds.
Begin MonoManager ReloadAssembly
Native extension for WindowsStandalone target not found
Refreshing native plugins compatible for Editor in 0.23 ms, found 0 plugins.
Preloading 0 native plugins for Editor in 0.00 ms.
Warning: Annotation not found!
UnityEngine.StackTraceUtility:ExtractStackTrace ()
UnityEditor.ProBuilder.EditorUtility:SetGizmoIconEnabled (System.Type,bool) (at Library/PackageCache/com.unity.probuilder@4.4.0/Editor/EditorCore/EditorUtility.cs:593)
UnityEditor.ProBuilder.HierarchyListener:.cctor () (at Library/PackageCache/com.unity.probuilder@4.4.0/Editor/EditorCore/HierarchyListener.cs:21)
System.Runtime.CompilerServices.RuntimeHelpers:RunClassConstructor (System.RuntimeTypeHandle)
UnityEditor.EditorAssemblies:ProcessInitializeOnLoadAttributes (System.Type[])

[Library/PackageCache/com.unity.probuilder@4.4.0/Editor/EditorCore/EditorUtility.cs line 593]

Invoked RoslynAnalysisRunner static constructor.
RoslynAnalysisRunner will not be running.
RoslynAnalysisRunner has terminated.
Mono: successfully reloaded assembly
- Completed reload, in  0.807 seconds
Platform modules already initialized, skipping
Refreshing native plugins compatible for Editor in 0.82 ms, found 0 plugins.
Preloading 0 native plugins for Editor in 0.00 ms.
Unloading 1451 Unused Serialized files (Serialized files now loaded: 0)
System memory in use before: 74.3 MB.
System memory in use after: 74.4 MB.

Unloading 6 unused Assets to reduce memory usage. Loaded Objects now: 1966.
Total: 2.035700 ms (FindLiveObjects: 0.162800 ms CreateObjectMapping: 0.052100 ms MarkObjects: 1.734800 ms  DeleteObjects: 0.085200 ms)

========================================================================
Received Import Request.
  Time since last request: 117.606439 seconds.
  path: Assets/PathfindingBasics/Scripts/Waypoint1.cs
  artifactKey: Guid(4053a3e1d3c6ecd4fbcce3c19cbd7961) Importer(815301076,1909f56bfc062723c751e8b465ee728b)
Start importing Assets/PathfindingBasics/Scripts/Waypoint1.cs using Guid(4053a3e1d3c6ecd4fbcce3c19cbd7961) Importer(815301076,1909f56bfc062723c751e8b465ee728b)  -> (artifact id: '9f7b4f70aadc73b434685d2b3f885a4c') in 0.009199 seconds
  Import took 0.013321 seconds .

========================================================================
Received Prepare
Registering precompiled user dll's ...
Registered in 0.000805 seconds.
Begin MonoManager ReloadAssembly
Native extension for WindowsStandalone target not found
Refreshing native plugins compatible for Editor in 0.22 ms, found 0 plugins.
Preloading 0 native plugins for Editor in 0.00 ms.
Warning: Annotation not found!
UnityEngine.StackTraceUtility:ExtractStackTrace ()
UnityEditor.ProBuilder.EditorUtility:SetGizmoIconEnabled (System.Type,bool) (at Library/PackageCache/com.unity.probuilder@4.4.0/Editor/EditorCore/EditorUtility.cs:593)
UnityEditor.ProBuilder.HierarchyListener:.cctor () (at Library/PackageCache/com.unity.probuilder@4.4.0/Editor/EditorCore/HierarchyListener.cs:21)
System.Runtime.CompilerServices.RuntimeHelpers:RunClassConstructor (System.RuntimeTypeHandle)
UnityEditor.EditorAssemblies:ProcessInitializeOnLoadAttributes (System.Type[])

[Library/PackageCache/com.unity.probuilder@4.4.0/Editor/EditorCore/EditorUtility.cs line 593]

Invoked RoslynAnalysisRunner static constructor.
RoslynAnalysisRunner will not be running.
RoslynAnalysisRunner has terminated.
Mono: successfully reloaded assembly
- Completed reload, in  0.760 seconds
Platform modules already initialized, skipping
Refreshing native plugins compatible for Editor in 0.22 ms, found 0 plugins.
Preloading 0 native plugins for Editor in 0.00 ms.
Unloading 1451 Unused Serialized files (Serialized files now loaded: 0)
System memory in use before: 75.1 MB.
System memory in use after: 75.2 MB.

Unloading 6 unused Assets to reduce memory usage. Loaded Objects now: 1968.
Total: 2.095800 ms (FindLiveObjects: 0.186900 ms CreateObjectMapping: 0.051300 ms MarkObjects: 1.761600 ms  DeleteObjects: 0.094700 ms)

========================================================================
Received Import Request.
  Time since last request: 310.694390 seconds.
  path: Assets/PathfindingBasics/Materials/New Material 2.mat
  artifactKey: Guid(a084a287f8a30b343b5c8da6a260b54f) Importer(815301076,1909f56bfc062723c751e8b465ee728b)
Start importing Assets/PathfindingBasics/Materials/New Material 2.mat using Guid(a084a287f8a30b343b5c8da6a260b54f) Importer(815301076,1909f56bfc062723c751e8b465ee728b)  -> (artifact id: '6637dfc61fc7401d8b94c72bbf2aff78') in 0.066579 seconds
  Import took 0.072219 seconds .

========================================================================
Received Import Request.
  Time since last request: 7.054813 seconds.
  path: Assets/PathfindingBasics/Materials/New Material 3.mat
  artifactKey: Guid(ef505377942335d4cbcb21b3a00e2c67) Importer(815301076,1909f56bfc062723c751e8b465ee728b)
Start importing Assets/PathfindingBasics/Materials/New Material 3.mat using Guid(ef505377942335d4cbcb21b3a00e2c67) Importer(815301076,1909f56bfc062723c751e8b465ee728b)  -> (artifact id: '3dbc086fcd485f0d692b4f8e0ba29f9b') in 0.027066 seconds
  Import took 0.030886 seconds .

========================================================================
Received Import Request.
  Time since last request: 65.181041 seconds.
  path: Assets/PathfindingBasics/Scripts/Waypoint2.cs
  artifactKey: Guid(9969c4e545c9cbe4abd7fad99c625479) Importer(815301076,1909f56bfc062723c751e8b465ee728b)
Start importing Assets/PathfindingBasics/Scripts/Waypoint2.cs using Guid(9969c4e545c9cbe4abd7fad99c625479) Importer(815301076,1909f56bfc062723c751e8b465ee728b)  -> (artifact id: '90d6138fe637b87d48454a8d8fb15ab9') in 0.012162 seconds
  Import took 0.016657 seconds .

========================================================================
Received Prepare
Registering precompiled user dll's ...
Registered in 0.000682 seconds.
Begin MonoManager ReloadAssembly
Native extension for WindowsStandalone target not found
Refreshing native plugins compatible for Editor in 0.22 ms, found 0 plugins.
Preloading 0 native plugins for Editor in 0.00 ms.
Warning: Annotation not found!
UnityEngine.StackTraceUtility:ExtractStackTrace ()
UnityEditor.ProBuilder.EditorUtility:SetGizmoIconEnabled (System.Type,bool) (at Library/PackageCache/com.unity.probuilder@4.4.0/Editor/EditorCore/EditorUtility.cs:593)
UnityEditor.ProBuilder.HierarchyListener:.cctor () (at Library/PackageCache/com.unity.probuilder@4.4.0/Editor/EditorCore/HierarchyListener.cs:21)
System.Runtime.CompilerServices.RuntimeHelpers:RunClassConstructor (System.RuntimeTypeHandle)
UnityEditor.EditorAssemblies:ProcessInitializeOnLoadAttributes (System.Type[])

[Library/PackageCache/com.unity.probuilder@4.4.0/Editor/EditorCore/EditorUtility.cs line 593]

Invoked RoslynAnalysisRunner static constructor.
RoslynAnalysisRunner will not be running.
RoslynAnalysisRunner has terminated.
Mono: successfully reloaded assembly
- Completed reload, in  0.802 seconds
Platform modules already initialized, skipping
Refreshing native plugins compatible for Editor in 0.21 ms, found 0 plugins.
Preloading 0 native plugins for Editor in 0.00 ms.
Unloading 1452 Unused Serialized files (Serialized files now loaded: 0)
System memory in use before: 75.4 MB.
System memory in use after: 75.4 MB.

Unloading 6 unused Assets to reduce memory usage. Loaded Objects now: 1972.
Total: 2.259100 ms (FindLiveObjects: 0.124900 ms CreateObjectMapping: 0.058900 ms MarkObjects: 1.983300 ms  DeleteObjects: 0.090800 ms)

========================================================================
Received Import Request.
  Time since last request: 310.096109 seconds.
  path: Assets/PathfindingBasics/Scripts/Waypoint3.cs
  artifactKey: Guid(799ee9c240a92904e89402e888ec9c2e) Importer(815301076,1909f56bfc062723c751e8b465ee728b)
Start importing Assets/PathfindingBasics/Scripts/Waypoint3.cs using Guid(799ee9c240a92904e89402e888ec9c2e) Importer(815301076,1909f56bfc062723c751e8b465ee728b)  -> (artifact id: '3ef9ca76f946230ae40cb1e81c0bd5a2') in 0.016347 seconds
  Import took 0.021182 seconds .

========================================================================
Received Prepare
Registering precompiled user dll's ...
Registered in 0.001015 seconds.
Begin MonoManager ReloadAssembly
Native extension for WindowsStandalone target not found
Refreshing native plugins compatible for Editor in 0.30 ms, found 0 plugins.
Preloading 0 native plugins for Editor in 0.00 ms.
Warning: Annotation not found!
UnityEngine.StackTraceUtility:ExtractStackTrace ()
UnityEditor.ProBuilder.EditorUtility:SetGizmoIconEnabled (System.Type,bool) (at Library/PackageCache/com.unity.probuilder@4.4.0/Editor/EditorCore/EditorUtility.cs:593)
UnityEditor.ProBuilder.HierarchyListener:.cctor () (at Library/PackageCache/com.unity.probuilder@4.4.0/Editor/EditorCore/HierarchyListener.cs:21)
System.Runtime.CompilerServices.RuntimeHelpers:RunClassConstructor (System.RuntimeTypeHandle)
UnityEditor.EditorAssemblies:ProcessInitializeOnLoadAttributes (System.Type[])

[Library/PackageCache/com.unity.probuilder@4.4.0/Editor/EditorCore/EditorUtility.cs line 593]

Invoked RoslynAnalysisRunner static constructor.
RoslynAnalysisRunner will not be running.
RoslynAnalysisRunner has terminated.
Mono: successfully reloaded assembly
- Completed reload, in  0.830 seconds
Platform modules already initialized, skipping
Refreshing native plugins compatible for Editor in 0.23 ms, found 0 plugins.
Preloading 0 native plugins for Editor in 0.00 ms.
Unloading 1453 Unused Serialized files (Serialized files now loaded: 0)
System memory in use before: 75.1 MB.
System memory in use after: 75.1 MB.

Unloading 6 unused Assets to reduce memory usage. Loaded Objects now: 1975.
Total: 2.241800 ms (FindLiveObjects: 0.186100 ms CreateObjectMapping: 0.061800 ms MarkObjects: 1.789100 ms  DeleteObjects: 0.203300 ms)

========================================================================
Received Import Request.
  Time since last request: 377.690445 seconds.
  path: Assets/PathfindingBasics/Scripts/Waypoint3.cs
  artifactKey: Guid(799ee9c240a92904e89402e888ec9c2e) Importer(815301076,1909f56bfc062723c751e8b465ee728b)
Start importing Assets/PathfindingBasics/Scripts/Waypoint3.cs using Guid(799ee9c240a92904e89402e888ec9c2e) Importer(815301076,1909f56bfc062723c751e8b465ee728b)  -> (artifact id: '74858461fff1b7b91e04bc871700c004') in 0.008218 seconds
  Import took 0.010734 seconds .

========================================================================
Received Import Request.
  Time since last request: 172.110000 seconds.
  path: Assets/PathfindingBasics/Scripts/Door.cs
  artifactKey: Guid(0245f985df667da4faba147788b99654) Importer(815301076,1909f56bfc062723c751e8b465ee728b)
Start importing Assets/PathfindingBasics/Scripts/Door.cs using Guid(0245f985df667da4faba147788b99654) Importer(815301076,1909f56bfc062723c751e8b465ee728b)  -> (artifact id: '649e1cd814393fcf74a0c1548459d6e6') in 0.010101 seconds
  Import took 0.013681 seconds .

========================================================================
Received Prepare
Registering precompiled user dll's ...
Registered in 0.000658 seconds.
Begin MonoManager ReloadAssembly
Native extension for WindowsStandalone target not found
Refreshing native plugins compatible for Editor in 0.21 ms, found 0 plugins.
Preloading 0 native plugins for Editor in 0.00 ms.
Warning: Annotation not found!
UnityEngine.StackTraceUtility:ExtractStackTrace ()
UnityEditor.ProBuilder.EditorUtility:SetGizmoIconEnabled (System.Type,bool) (at Library/PackageCache/com.unity.probuilder@4.4.0/Editor/EditorCore/EditorUtility.cs:593)
UnityEditor.ProBuilder.HierarchyListener:.cctor () (at Library/PackageCache/com.unity.probuilder@4.4.0/Editor/EditorCore/HierarchyListener.cs:21)
System.Runtime.CompilerServices.RuntimeHelpers:RunClassConstructor (System.RuntimeTypeHandle)
UnityEditor.EditorAssemblies:ProcessInitializeOnLoadAttributes (System.Type[])

[Library/PackageCache/com.unity.probuilder@4.4.0/Editor/EditorCore/EditorUtility.cs line 593]

Invoked RoslynAnalysisRunner static constructor.
RoslynAnalysisRunner will not be running.
RoslynAnalysisRunner has terminated.
Mono: successfully reloaded assembly
- Completed reload, in  0.840 seconds
Platform modules already initialized, skipping
Refreshing native plugins compatible for Editor in 0.22 ms, found 0 plugins.
Preloading 0 native plugins for Editor in 0.00 ms.
Unloading 1454 Unused Serialized files (Serialized files now loaded: 0)
System memory in use before: 75.4 MB.
System memory in use after: 75.5 MB.

Unloading 6 unused Assets to reduce memory usage. Loaded Objects now: 1978.
Total: 2.159400 ms (FindLiveObjects: 0.151900 ms CreateObjectMapping: 0.033200 ms MarkObjects: 1.862100 ms  DeleteObjects: 0.111300 ms)

========================================================================
Received Prepare
Registering precompiled user dll's ...
Registered in 0.001208 seconds.
Begin MonoManager ReloadAssembly
Native extension for WindowsStandalone target not found
Refreshing native plugins compatible for Editor in 0.46 ms, found 0 plugins.
Preloading 0 native plugins for Editor in 0.00 ms.
Warning: Annotation not found!
UnityEngine.StackTraceUtility:ExtractStackTrace ()
UnityEditor.ProBuilder.EditorUtility:SetGizmoIconEnabled (System.Type,bool) (at Library/PackageCache/com.unity.probuilder@4.4.0/Editor/EditorCore/EditorUtility.cs:593)
UnityEditor.ProBuilder.HierarchyListener:.cctor () (at Library/PackageCache/com.unity.probuilder@4.4.0/Editor/EditorCore/HierarchyListener.cs:21)
System.Runtime.CompilerServices.RuntimeHelpers:RunClassConstructor (System.RuntimeTypeHandle)
UnityEditor.EditorAssemblies:ProcessInitializeOnLoadAttributes (System.Type[])

[Library/PackageCache/com.unity.probuilder@4.4.0/Editor/EditorCore/EditorUtility.cs line 593]

Invoked RoslynAnalysisRunner static constructor.
RoslynAnalysisRunner will not be running.
RoslynAnalysisRunner has terminated.
Mono: successfully reloaded assembly
- Completed reload, in  0.836 seconds
Platform modules already initialized, skipping
Refreshing native plugins compatible for Editor in 0.23 ms, found 0 plugins.
Preloading 0 native plugins for Editor in 0.00 ms.
Unloading 1454 Unused Serialized files (Serialized files now loaded: 0)
System memory in use before: 75.0 MB.
System memory in use after: 75.0 MB.

Unloading 6 unused Assets to reduce memory usage. Loaded Objects now: 1980.
Total: 1.728200 ms (FindLiveObjects: 0.160100 ms CreateObjectMapping: 0.044500 ms MarkObjects: 1.428200 ms  DeleteObjects: 0.094400 ms)

========================================================================
Received Import Request.
  Time since last request: 370.038121 seconds.
  path: Assets/PathfindingBasics/Scripts/Door.cs
  artifactKey: Guid(0245f985df667da4faba147788b99654) Importer(815301076,1909f56bfc062723c751e8b465ee728b)
Start importing Assets/PathfindingBasics/Scripts/Door.cs using Guid(0245f985df667da4faba147788b99654) Importer(815301076,1909f56bfc062723c751e8b465ee728b)  -> (artifact id: '91cae34b887b8e13c4a355285f4276ed') in 0.005818 seconds
  Import took 0.008300 seconds .

========================================================================
Received Import Request.
  Time since last request: 716.867114 seconds.
  path: Assets/PathfindingBasics/Scripts/Load.cs
  artifactKey: Guid(d69571b45e4488f479ef14f45eedc15e) Importer(815301076,1909f56bfc062723c751e8b465ee728b)
Start importing Assets/PathfindingBasics/Scripts/Load.cs using Guid(d69571b45e4488f479ef14f45eedc15e) Importer(815301076,1909f56bfc062723c751e8b465ee728b)  -> (artifact id: '63e9bb768baa4cff520eabfe51678b72') in 0.015929 seconds
  Import took 0.021839 seconds .

========================================================================
Received Import Request.
  Time since last request: 0.003367 seconds.
  path: Assets/PathfindingBasics/Scripts/Load.cs
  artifactKey: Guid(d69571b45e4488f479ef14f45eedc15e) Importer(815301076,1909f56bfc062723c751e8b465ee728b)
Start importing Assets/PathfindingBasics/Scripts/Load.cs using Guid(d69571b45e4488f479ef14f45eedc15e) Importer(815301076,1909f56bfc062723c751e8b465ee728b)  -> (artifact id: '63e9bb768baa4cff520eabfe51678b72') in 0.005539 seconds
  Import took 0.008802 seconds .

========================================================================
Received Prepare
Registering precompiled user dll's ...
Registered in 0.001143 seconds.
Begin MonoManager ReloadAssembly
Native extension for WindowsStandalone target not found
Refreshing native plugins compatible for Editor in 0.27 ms, found 0 plugins.
Preloading 0 native plugins for Editor in 0.00 ms.
Warning: Annotation not found!
UnityEngine.StackTraceUtility:ExtractStackTrace ()
UnityEditor.ProBuilder.EditorUtility:SetGizmoIconEnabled (System.Type,bool) (at Library/PackageCache/com.unity.probuilder@4.4.0/Editor/EditorCore/EditorUtility.cs:593)
UnityEditor.ProBuilder.HierarchyListener:.cctor () (at Library/PackageCache/com.unity.probuilder@4.4.0/Editor/EditorCore/HierarchyListener.cs:21)
System.Runtime.CompilerServices.RuntimeHelpers:RunClassConstructor (System.RuntimeTypeHandle)
UnityEditor.EditorAssemblies:ProcessInitializeOnLoadAttributes (System.Type[])

[Library/PackageCache/com.unity.probuilder@4.4.0/Editor/EditorCore/EditorUtility.cs line 593]

Invoked RoslynAnalysisRunner static constructor.
RoslynAnalysisRunner will not be running.
RoslynAnalysisRunner has terminated.
Mono: successfully reloaded assembly
- Completed reload, in  0.914 seconds
Platform modules already initialized, skipping
Refreshing native plugins compatible for Editor in 0.22 ms, found 0 plugins.
Preloading 0 native plugins for Editor in 0.00 ms.
Unloading 1454 Unused Serialized files (Serialized files now loaded: 0)
System memory in use before: 75.4 MB.
System memory in use after: 75.5 MB.

Unloading 6 unused Assets to reduce memory usage. Loaded Objects now: 1982.
Total: 6.822800 ms (FindLiveObjects: 0.402800 ms CreateObjectMapping: 0.114000 ms MarkObjects: 5.500500 ms  DeleteObjects: 0.803600 ms)

========================================================================
Received Import Request.
  Time since last request: 1051.366997 seconds.
  path: Assets/PathfindingBasics/Scripts/Load.cs
  artifactKey: Guid(d69571b45e4488f479ef14f45eedc15e) Importer(815301076,1909f56bfc062723c751e8b465ee728b)
Start importing Assets/PathfindingBasics/Scripts/Load.cs using Guid(d69571b45e4488f479ef14f45eedc15e) Importer(815301076,1909f56bfc062723c751e8b465ee728b)  -> (artifact id: '989d8dedcc4b8fb38fde057834f3602b') in 0.009006 seconds
  Import took 0.012372 seconds .

========================================================================
Received Prepare
Registering precompiled user dll's ...
Registered in 0.000683 seconds.
Begin MonoManager ReloadAssembly
Native extension for WindowsStandalone target not found
Refreshing native plugins compatible for Editor in 0.41 ms, found 0 plugins.
Preloading 0 native plugins for Editor in 0.00 ms.
Warning: Annotation not found!
UnityEngine.StackTraceUtility:ExtractStackTrace ()
UnityEditor.ProBuilder.EditorUtility:SetGizmoIconEnabled (System.Type,bool) (at Library/PackageCache/com.unity.probuilder@4.4.0/Editor/EditorCore/EditorUtility.cs:593)
UnityEditor.ProBuilder.HierarchyListener:.cctor () (at Library/PackageCache/com.unity.probuilder@4.4.0/Editor/EditorCore/HierarchyListener.cs:21)
System.Runtime.CompilerServices.RuntimeHelpers:RunClassConstructor (System.RuntimeTypeHandle)
UnityEditor.EditorAssemblies:ProcessInitializeOnLoadAttributes (System.Type[])

[Library/PackageCache/com.unity.probuilder@4.4.0/Editor/EditorCore/EditorUtility.cs line 593]

Invoked RoslynAnalysisRunner static constructor.
RoslynAnalysisRunner will not be running.
RoslynAnalysisRunner has terminated.
Mono: successfully reloaded assembly
- Completed reload, in  0.793 seconds
Platform modules already initialized, skipping
Refreshing native plugins compatible for Editor in 0.28 ms, found 0 plugins.
Preloading 0 native plugins for Editor in 0.00 ms.
Unloading 1454 Unused Serialized files (Serialized files now loaded: 0)
System memory in use before: 75.5 MB.
System memory in use after: 75.6 MB.

Unloading 6 unused Assets to reduce memory usage. Loaded Objects now: 1984.
Total: 3.126200 ms (FindLiveObjects: 0.170900 ms CreateObjectMapping: 0.031400 ms MarkObjects: 2.800200 ms  DeleteObjects: 0.120400 ms)

========================================================================
Received Prepare
Registering precompiled user dll's ...
Registered in 0.000674 seconds.
Begin MonoManager ReloadAssembly
Native extension for WindowsStandalone target not found
Refreshing native plugins compatible for Editor in 0.33 ms, found 0 plugins.
Preloading 0 native plugins for Editor in 0.00 ms.
Warning: Annotation not found!
UnityEngine.StackTraceUtility:ExtractStackTrace ()
UnityEditor.ProBuilder.EditorUtility:SetGizmoIconEnabled (System.Type,bool) (at Library/PackageCache/com.unity.probuilder@4.4.0/Editor/EditorCore/EditorUtility.cs:593)
UnityEditor.ProBuilder.HierarchyListener:.cctor () (at Library/PackageCache/com.unity.probuilder@4.4.0/Editor/EditorCore/HierarchyListener.cs:21)
System.Runtime.CompilerServices.RuntimeHelpers:RunClassConstructor (System.RuntimeTypeHandle)
UnityEditor.EditorAssemblies:ProcessInitializeOnLoadAttributes (System.Type[])

[Library/PackageCache/com.unity.probuilder@4.4.0/Editor/EditorCore/EditorUtility.cs line 593]

Invoked RoslynAnalysisRunner static constructor.
RoslynAnalysisRunner will not be running.
RoslynAnalysisRunner has terminated.
Mono: successfully reloaded assembly
- Completed reload, in  0.780 seconds
Platform modules already initialized, skipping
Refreshing native plugins compatible for Editor in 0.22 ms, found 0 plugins.
Preloading 0 native plugins for Editor in 0.00 ms.
Unloading 1454 Unused Serialized files (Serialized files now loaded: 0)
System memory in use before: 75.4 MB.
System memory in use after: 75.4 MB.

Unloading 6 unused Assets to reduce memory usage. Loaded Objects now: 1986.
Total: 2.149400 ms (FindLiveObjects: 0.120700 ms CreateObjectMapping: 0.032100 ms MarkObjects: 1.902200 ms  DeleteObjects: 0.093600 ms)

========================================================================
Received Prepare
Registering precompiled user dll's ...
Registered in 0.000944 seconds.
Begin MonoManager ReloadAssembly
Native extension for WindowsStandalone target not found
Refreshing native plugins compatible for Editor in 0.68 ms, found 0 plugins.
Preloading 0 native plugins for Editor in 0.00 ms.
Warning: Annotation not found!
UnityEngine.StackTraceUtility:ExtractStackTrace ()
UnityEditor.ProBuilder.EditorUtility:SetGizmoIconEnabled (System.Type,bool) (at Library/PackageCache/com.unity.probuilder@4.4.0/Editor/EditorCore/EditorUtility.cs:593)
UnityEditor.ProBuilder.HierarchyListener:.cctor () (at Library/PackageCache/com.unity.probuilder@4.4.0/Editor/EditorCore/HierarchyListener.cs:21)
System.Runtime.CompilerServices.RuntimeHelpers:RunClassConstructor (System.RuntimeTypeHandle)
UnityEditor.EditorAssemblies:ProcessInitializeOnLoadAttributes (System.Type[])

[Library/PackageCache/com.unity.probuilder@4.4.0/Editor/EditorCore/EditorUtility.cs line 593]

Invoked RoslynAnalysisRunner static constructor.
RoslynAnalysisRunner will not be running.
RoslynAnalysisRunner has terminated.
Mono: successfully reloaded assembly
- Completed reload, in  1.170 seconds
Platform modules already initialized, skipping
Refreshing native plugins compatible for Editor in 0.40 ms, found 0 plugins.
Preloading 0 native plugins for Editor in 0.00 ms.
Unloading 1454 Unused Serialized files (Serialized files now loaded: 0)
System memory in use before: 75.5 MB.
System memory in use after: 75.6 MB.

Unloading 6 unused Assets to reduce memory usage. Loaded Objects now: 1988.
Total: 7.025300 ms (FindLiveObjects: 0.252200 ms CreateObjectMapping: 0.068000 ms MarkObjects: 5.571100 ms  DeleteObjects: 1.131400 ms)

========================================================================
Received Prepare
Registering precompiled user dll's ...
Registered in 0.000875 seconds.
Begin MonoManager ReloadAssembly
Native extension for WindowsStandalone target not found
Refreshing native plugins compatible for Editor in 0.32 ms, found 0 plugins.
Preloading 0 native plugins for Editor in 0.00 ms.
Warning: Annotation not found!
UnityEngine.StackTraceUtility:ExtractStackTrace ()
UnityEditor.ProBuilder.EditorUtility:SetGizmoIconEnabled (System.Type,bool) (at Library/PackageCache/com.unity.probuilder@4.4.0/Editor/EditorCore/EditorUtility.cs:593)
UnityEditor.ProBuilder.HierarchyListener:.cctor () (at Library/PackageCache/com.unity.probuilder@4.4.0/Editor/EditorCore/HierarchyListener.cs:21)
System.Runtime.CompilerServices.RuntimeHelpers:RunClassConstructor (System.RuntimeTypeHandle)
UnityEditor.EditorAssemblies:ProcessInitializeOnLoadAttributes (System.Type[])

[Library/PackageCache/com.unity.probuilder@4.4.0/Editor/EditorCore/EditorUtility.cs line 593]

Invoked RoslynAnalysisRunner static constructor.
RoslynAnalysisRunner will not be running.
RoslynAnalysisRunner has terminated.
Mono: successfully reloaded assembly
- Completed reload, in  0.863 seconds
Platform modules already initialized, skipping
Refreshing native plugins compatible for Editor in 0.24 ms, found 0 plugins.
Preloading 0 native plugins for Editor in 0.00 ms.
Unloading 1454 Unused Serialized files (Serialized files now loaded: 0)
System memory in use before: 75.3 MB.
System memory in use after: 75.3 MB.

Unloading 6 unused Assets to reduce memory usage. Loaded Objects now: 1990.
Total: 2.074500 ms (FindLiveObjects: 0.146700 ms CreateObjectMapping: 0.029400 ms MarkObjects: 1.755500 ms  DeleteObjects: 0.141800 ms)

========================================================================
Received Prepare
Registering precompiled user dll's ...
Registered in 0.001371 seconds.
Begin MonoManager ReloadAssembly
Native extension for WindowsStandalone target not found
Refreshing native plugins compatible for Editor in 0.33 ms, found 0 plugins.
Preloading 0 native plugins for Editor in 0.00 ms.
Warning: Annotation not found!
UnityEngine.StackTraceUtility:ExtractStackTrace ()
UnityEditor.ProBuilder.EditorUtility:SetGizmoIconEnabled (System.Type,bool) (at Library/PackageCache/com.unity.probuilder@4.4.0/Editor/EditorCore/EditorUtility.cs:593)
UnityEditor.ProBuilder.HierarchyListener:.cctor () (at Library/PackageCache/com.unity.probuilder@4.4.0/Editor/EditorCore/HierarchyListener.cs:21)
System.Runtime.CompilerServices.RuntimeHelpers:RunClassConstructor (System.RuntimeTypeHandle)
UnityEditor.EditorAssemblies:ProcessInitializeOnLoadAttributes (System.Type[])

[Library/PackageCache/com.unity.probuilder@4.4.0/Editor/EditorCore/EditorUtility.cs line 593]

Invoked RoslynAnalysisRunner static constructor.
RoslynAnalysisRunner will not be running.
RoslynAnalysisRunner has terminated.
Mono: successfully reloaded assembly
- Completed reload, in  0.961 seconds
Platform modules already initialized, skipping
Refreshing native plugins compatible for Editor in 0.30 ms, found 0 plugins.
Preloading 0 native plugins for Editor in 0.00 ms.
Unloading 1454 Unused Serialized files (Serialized files now loaded: 0)
System memory in use before: 75.5 MB.
System memory in use after: 75.6 MB.

Unloading 6 unused Assets to reduce memory usage. Loaded Objects now: 1992.
Total: 2.690700 ms (FindLiveObjects: 0.246000 ms CreateObjectMapping: 0.061000 ms MarkObjects: 2.236100 ms  DeleteObjects: 0.146100 ms)

========================================================================
Received Prepare
Registering precompiled user dll's ...
Registered in 0.000836 seconds.
Begin MonoManager ReloadAssembly
Native extension for WindowsStandalone target not found
Refreshing native plugins compatible for Editor in 0.31 ms, found 0 plugins.
Preloading 0 native plugins for Editor in 0.00 ms.
Warning: Annotation not found!
UnityEngine.StackTraceUtility:ExtractStackTrace ()
UnityEditor.ProBuilder.EditorUtility:SetGizmoIconEnabled (System.Type,bool) (at Library/PackageCache/com.unity.probuilder@4.4.0/Editor/EditorCore/EditorUtility.cs:593)
UnityEditor.ProBuilder.HierarchyListener:.cctor () (at Library/PackageCache/com.unity.probuilder@4.4.0/Editor/EditorCore/HierarchyListener.cs:21)
System.Runtime.CompilerServices.RuntimeHelpers:RunClassConstructor (System.RuntimeTypeHandle)
UnityEditor.EditorAssemblies:ProcessInitializeOnLoadAttributes (System.Type[])

[Library/PackageCache/com.unity.probuilder@4.4.0/Editor/EditorCore/EditorUtility.cs line 593]

Invoked RoslynAnalysisRunner static constructor.
RoslynAnalysisRunner will not be running.
RoslynAnalysisRunner has terminated.
Mono: successfully reloaded assembly
- Completed reload, in  0.814 seconds
Platform modules already initialized, skipping
Refreshing native plugins compatible for Editor in 0.26 ms, found 0 plugins.
Preloading 0 native plugins for Editor in 0.00 ms.
Unloading 1454 Unused Serialized files (Serialized files now loaded: 0)
System memory in use before: 75.2 MB.
System memory in use after: 75.2 MB.

Unloading 6 unused Assets to reduce memory usage. Loaded Objects now: 1994.
Total: 2.247500 ms (FindLiveObjects: 0.164900 ms CreateObjectMapping: 0.035500 ms MarkObjects: 1.940300 ms  DeleteObjects: 0.106000 ms)

========================================================================
Received Prepare
Registering precompiled user dll's ...
Registered in 0.002799 seconds.
Begin MonoManager ReloadAssembly
Native extension for WindowsStandalone target not found
Refreshing native plugins compatible for Editor in 0.48 ms, found 0 plugins.
Preloading 0 native plugins for Editor in 0.00 ms.
Warning: Annotation not found!
UnityEngine.StackTraceUtility:ExtractStackTrace ()
UnityEditor.ProBuilder.EditorUtility:SetGizmoIconEnabled (System.Type,bool) (at Library/PackageCache/com.unity.probuilder@4.4.0/Editor/EditorCore/EditorUtility.cs:593)
UnityEditor.ProBuilder.HierarchyListener:.cctor () (at Library/PackageCache/com.unity.probuilder@4.4.0/Editor/EditorCore/HierarchyListener.cs:21)
System.Runtime.CompilerServices.RuntimeHelpers:RunClassConstructor (System.RuntimeTypeHandle)
UnityEditor.EditorAssemblies:ProcessInitializeOnLoadAttributes (System.Type[])

[Library/PackageCache/com.unity.probuilder@4.4.0/Editor/EditorCore/EditorUtility.cs line 593]

Invoked RoslynAnalysisRunner static constructor.
RoslynAnalysisRunner will not be running.
RoslynAnalysisRunner has terminated.
Mono: successfully reloaded assembly
- Completed reload, in  1.490 seconds
Platform modules already initialized, skipping
Refreshing native plugins compatible for Editor in 0.24 ms, found 0 plugins.
Preloading 0 native plugins for Editor in 0.00 ms.
Unloading 1454 Unused Serialized files (Serialized files now loaded: 0)
System memory in use before: 75.5 MB.
System memory in use after: 75.6 MB.

Unloading 6 unused Assets to reduce memory usage. Loaded Objects now: 1996.
Total: 3.824100 ms (FindLiveObjects: 0.134200 ms CreateObjectMapping: 0.027900 ms MarkObjects: 2.699400 ms  DeleteObjects: 0.961200 ms)

AssetImportWorkerClient::OnTransportError - code=2 error=End of file
